[Bootstrap]
SetupTitle=安装
SetupText=正在复制文件，请等待。
CabFile=BU1小项目打印20130819.CAB
Spawn=Setup1.exe
Uninstal=st6unst.exe
TmpDir=msftqws.pdw
Cabs=1

[Bootstrap Files]
File1=@VB6STKIT.DLL,$(WinSysPathSysFile),,,7/6/98 12:00:00 AM,102912,6.0.81.69
File2=@COMCAT.DLL,$(WinSysPathSysFile),$(DLLSelfRegister),,5/31/98 12:00:00 AM,22288,4.71.1460.1
File3=@MSVCRT40.DLL,$(WinSysPathSysFile),,,5/31/98 12:00:00 AM,326656,4.21.0.0
File4=@VB6CHS.DLL,$(WinSysPath),,$(Shared),7/6/98 12:00:00 AM,102160,5.0.81.69
File5=@stdole2.tlb,$(WinSysPathSysFile),$(TLBRegister),,6/9/08 3:00:00 PM,16896,5.1.2600.5512
File6=@asycfilt.dll,$(WinSysPathSysFile),,,3/5/10 10:37:40 PM,65536,5.1.2600.5949
File7=@olepro32.dll,$(WinSysPathSysFile),$(DLLSelfRegister),,6/9/08 3:00:00 PM,84992,5.1.2600.5512
File8=@oleaut32.dll,$(WinSysPathSysFile),$(DLLSelfRegister),,12/21/10 1:32:05 AM,551936,5.1.2600.6058
File9=@msvbvm60.dll,$(WinSysPathSysFile),$(DLLSelfRegister),,6/9/08 3:00:00 PM,1384479,6.0.98.2

[IconGroups]
Group0=BU1小项目打印
PrivateGroup0=True
Parent0=$(Programs)

[BU1小项目打印]
Icon1="BU1小项目打印20130819.exe"
Title1=BU1小项目打印
StartIn1=$(AppPath)

[Setup]
Title=BU1小项目打印
DefaultDir=$(ProgramFiles)\BU1小项目打印
AppExe=BU1小项目打印20130819.exe
AppToUninstall=BU1小项目打印20130819.exe

[Setup1 Files]
File1=@MDAC_TYP.EXE,$(AppPath),,,7/24/98 12:00:00 AM,6676784,4.71.1015.0
File2=@MSHFGCHS.DLL,$(WinSysPath),,$(Shared),6/9/98 12:00:00 AM,43520,6.0.30.5
File3=@MSSTDFMT.DLL,$(WinSysPath),$(DLLSelfRegister),$(Shared),7/24/06 10:50:38 AM,125744,6.0.84.50
File4=@mshflxgd.ocx,$(WinSysPath),$(DLLSelfRegister),$(Shared),5/22/00 4:58:12 PM,438976,6.0.88.4
File5=@FLXGDCHS.DLL,$(WinSysPath),,$(Shared),7/7/98 12:00:00 AM,35328,6.0.81.63
File6=@MSFLXGRD.OCX,$(WinSysPath),$(DLLSelfRegister),$(Shared),6/24/98 12:00:00 AM,247043,6.0.81.69
File7=@VB5DB.DLL,$(WinSysPath),,$(Shared),6/18/98 12:00:00 AM,89360,6.0.81.69
File8=@msrepl35.dll,$(WinSysPathSysFile),,,4/26/00 1:34:56 PM,415504,3.51.3225.0
File9=@MSRD2X35.DLL,$(WinSysPathSysFile),$(DLLSelfRegister),,4/24/98 12:00:00 AM,252176,3.51.623.0
File10=@expsrv.dll,$(WinSysPathSysFile),,,6/9/08 3:00:00 PM,380445,6.0.72.9590
File11=@vbajet32.dll,$(WinSysPathSysFile),,,6/9/08 3:00:00 PM,30749,6.0.1.9432
File12=@msjint35.dll,$(WinSysPathSysFile),,,4/26/00 1:35:02 PM,139264,3.51.623.0
File13=@MSJTER35.DLL,$(WinSysPathSysFile),,,4/24/98 12:00:00 AM,24848,3.51.623.0
File14=@msjet35.dll,$(WinSysPathSysFile),$(DLLSelfRegister),,4/26/00 1:34:48 PM,1050896,3.51.3328.0
File15=@DAO350.DLL,$(MSDAOPath),$(DLLSelfRegister),$(Shared),4/27/98 12:00:00 AM,570128,3.51.1608.0
File16=@Lppx2.tlb,$(WinSysPath),$(TLBRegister),$(Shared),11/7/02 5:23:02 PM,54312,0.0.0.0
File17=@BU1小项目打印20130819.exe,$(AppPath),,,8/19/13 4:24:30 PM,397312,1.0.0.0

; 要在满的安装盘上定制该文件，需要额外的空间，下列行可能被删除。
; 
; XXXXXXXXXXXXXXXXXXXXXXXXXXXXXXXXXXXXXXXXXXXXXXXXXXXXXXXXXXXX
; XXXXXXXXXXXXXXXXXXXXXXXXXXXXXXXXXXXXXXXXXXXXXXXXXXXXXXXXXXXX
; XXXXXXXXXXXXXXXXXXXXXXXXXXXXXXXXXXXXXXXXXXXXXXXXXXXXXXXXXXXX
; XXXXXXXXXXXXXXXXXXXXXXXXXXXXXXXXXXXXXXXXXXXXXXXXXXXXXXXXXXXX
; XXXXXXXXXXXXXXXXXXXXXXXXXXXXXXXXXXXXXXXXXXXXXXXXXXXXXXXXXXXX
; XXXXXXXXXXXXXXXXXXXXXXXXXXXXXXXXXXXXXXXXXXXXXXXXXXXXXXXXXXXX
; XXXXXXXXXXXXXXXXXXXXXXXXXXXXXXXXXXXXXXXXXXXXXXXXXXXXXXXXXXXX
; XXXXXXXXXXXXXXXXXXXXXXXXXXXXXXXXXXXXXXXXXXXXXXXXXXXXXXXXXXXX
; XXXXXXXXXXXXXXXXXXXXXXXXXXXXXXXXXXXXXXXXXXXXXXXXXXXXXXXXXXXX
; XXXXXXXXXXXXXXXXXXXXXXXXXXXXXXXXXXXXXXXXXXXXXXXXXXXXXXXXXXXX
; XXXXXXXXXXXXXXXXXXXXXXXXXXXXXXXXXXXXXXXXXXXXXXXXXXXXXXXXXXXX
; XXXXXXXXXXXXXXXXXXXXXXXXXXXXXXXXXXXXXXXXXXXXXXXXXXXXXXXXXXXX
; XXXXXXXXXXXXXXXXXXXXXXXXXXXXXXXXXXXXXXXXXXXXXXXXXXXXXXXXXXXX
; XXXXXXXXXXXXXXXXXXXXXXXXXXXXXXXXXXXXXXXXXXXXXXXXXXXXXXXXXXXX
; XXXXXXXXXXXXXXXXXXXXXXXXXXXXXXXXXXXXXXXXXXXXXXXXXXXXXXXXXXXX
; XXXXXXXXXXXXXXXXXXXXXXXXXXXXXXXXXXXXXXXXXXXXXXXXXXXXXXXXXXXX
; XXXXXXXXXXXXXXXXXXXXXXXXXXXXXXXXXXXXXXXXXXXXXXXXXXXXXXXXXXXX
; XXXXXXXXXXXXXXXXXXXXXXXXXXXXXXXXXXXXXXXXXXXXXXXXXXXXXXXXXXXX
; XXXXXXXXXXXXXXXXXXXXXXXXXXXXXXXXXXXXXXXXXXXXXXXXXXXXXXXXXXXX
; XXXXXXXXXXXXXXXXXXXXXXXXXXXXXXXXXXXXXXXXXXXXXXXXXXXXXXXXXXXX
; XXXXXXXXXXXXXXXXXXXXXXXXXXXXXXXXXXXXXXXXXXXXXXXXXXXXXXXXXXXX
; XXXXXXXXXXXXXXXXXXXXXXXXXXXXXXXXXXXXXXXXXXXXXXXXXXXXXXXXXXXX
; XXXXXXXXXXXXXXXXXXXXXXXXXXXXXXXXXXXXXXXXXXXXXXXXXXXXXXXXXXXX
; XXXXXXXXXXXXXXXXXXXXXXXXXXXXXXXXXXXXXXXXXXXXXXXXXXXXXXXXXXXX
; XXXXXXXXXXXXXXXXXXXXXXXXXXXXXXXXXXXXXXXXXXXXXXXXXXXXXXXXXXXX
; XXXXXXXXXXXXXXXXXXXXXXXXXXXXXXXXXXXXXXXXXXXXXXXXXXXXXXXXXXXX
; XXXXXXXXXXXXXXXXXXXXXXXXXXXXXXXXXXXXXXXXXXXXXXXXXXXXXXXXXXXX
; XXXXXXXXXXXXXXXXXXXXXXXXXXXXXXXXXXXXXXXXXXXXXXXXXXXXXXXXXXXX
; XXXXXXXXXXXXXXXXXXXXXXXXXXXXXXXXXXXXXXXXXXXXXXXXXXXXXXXXXXXX
; XXXXXXXXXXXXXXXXXXXXXXXXXXXXXXXXXXXXXXXXXXXXXXXXXXXXXXXXXXXX
; XXXXXXXXXXXXXXXXXXXXXXXXXXXXXXXXXXXXXXXXXXXXXXXXXXXXXXXXXXXX
; XXXXXXXXXXXXXXXXXXXXXXXXXXXXXXXXXXXXXXXXXXXXXXXXXXXXXXXXXXXX
; XXXXXXXXXXXXXXXXXXXXXXXXXXXXXXXXXXXXXXXXXXXXXXXXXXXXXXXXXXXX
; XXXXXXXXXXXXXXXXXXXXXXXXXXXXXXXXXXXXXXXXXXXXXXXXXXXXXXXXXXXX
; XXXXXXXXXXXXXXXXXXXXXXXXXXXXXXXXXXXXXXXXXXXXXXXXXXXXXXXXXXXX
