行 207: 控件 dtpMSValidFrom 的类 MSComCtl2.DTPicker 不是一个已加载的控件类。
行 219: 控件 dtpValidFrom 的类 MSComCtl2.DTPicker 不是一个已加载的控件类。
行 386: 控件 cdSelect 的类 MSComDlg.CommonDialog 不是一个已加载的控件类。
行 482: 控件 mfgH3C 的类 MSHierarchicalFlexGridLib.MSHFlexGrid 不是一个已加载的控件类。
行 213: 属性名 _ExtentX 在 dtpMSValidFrom 中是无效的。
行 214: 属性名 _ExtentY 在 dtpMSValidFrom 中是无效的。
行 215: 属性名 _Version 在 dtpMSValidFrom 中是无效的。
行 216: 属性名 Format 在 dtpMSValidFrom 中是无效的。
行 217: 属性名 CurrentDate 在 dtpMSValidFrom 中是无效的。
行 225: 属性名 _ExtentX 在 dtpValidFrom 中是无效的。
行 226: 属性名 _ExtentY 在 dtpValidFrom 中是无效的。
行 227: 属性名 _Version 在 dtpValidFrom 中是无效的。
行 237: 属性名 Format 在 dtpValidFrom 中是无效的。
行 238: 属性名 CurrentDate 在 dtpValidFrom 中是无效的。
行 389: 属性名 _ExtentX 在 cdSelect 中是无效的。
行 390: 属性名 _ExtentY 在 cdSelect 中是无效的。
行 391: 属性名 _Version 在 cdSelect 中是无效的。
行 488: 属性名 _ExtentX 在 mfgH3C 中是无效的。
行 489: 属性名 _ExtentY 在 mfgH3C 中是无效的。
行 490: 属性名 _Version 在 mfgH3C 中是无效的。
行 491: 属性名 SelectionMode 在 mfgH3C 中是无效的。
行 492: 属性名 AllowUserResizing 在 mfgH3C 中是无效的。
行 510: 属性名 FontFixed 在 mfgH3C 中是无效的。
行 511: 属性名 _NumberOfBands 在 mfgH3C 中是无效的。
行 512: 属性名 _Band(0).Cols 在 mfgH3C 中是无效的。
