行 27: 控件 cdSelect 的类 MSComDlg.CommonDialog 不是一个已加载的控件类。
行 123: 控件 mfgH3C 的类 MSHierarchicalFlexGridLib.MSHFlexGrid 不是一个已加载的控件类。
行 290: 控件 dtpMSValidFrom 的类 MSComCtl2.DTPicker 不是一个已加载的控件类。
行 348: 控件 dtpValidFrom 的类 MSComCtl2.DTPicker 不是一个已加载的控件类。
行 30: 属性名 _ExtentX 在 cdSelect 中是无效的。
行 31: 属性名 _ExtentY 在 cdSelect 中是无效的。
行 32: 属性名 _Version 在 cdSelect 中是无效的。
行 129: 属性名 _ExtentX 在 mfgH3C 中是无效的。
行 130: 属性名 _ExtentY 在 mfgH3C 中是无效的。
行 131: 属性名 _Version 在 mfgH3C 中是无效的。
行 132: 属性名 SelectionMode 在 mfgH3C 中是无效的。
行 133: 属性名 AllowUserResizing 在 mfgH3C 中是无效的。
行 151: 属性名 FontFixed 在 mfgH3C 中是无效的。
行 152: 属性名 _NumberOfBands 在 mfgH3C 中是无效的。
行 153: 属性名 _Band(0).Cols 在 mfgH3C 中是无效的。
行 296: 属性名 _ExtentX 在 dtpMSValidFrom 中是无效的。
行 297: 属性名 _ExtentY 在 dtpMSValidFrom 中是无效的。
行 298: 属性名 _Version 在 dtpMSValidFrom 中是无效的。
行 299: 属性名 Format 在 dtpMSValidFrom 中是无效的。
行 300: 属性名 CurrentDate 在 dtpMSValidFrom 中是无效的。
行 354: 属性名 _ExtentX 在 dtpValidFrom 中是无效的。
行 355: 属性名 _ExtentY 在 dtpValidFrom 中是无效的。
行 356: 属性名 _Version 在 dtpValidFrom 中是无效的。
行 366: 属性名 Format 在 dtpValidFrom 中是无效的。
行 367: 属性名 CurrentDate 在 dtpValidFrom 中是无效的。
