[Bootstrap]
SetupTitle=安装
SetupText=正在复制文件，请等待。
CabFile=PacketFrontOffline130614.CAB
Spawn=Setup1.exe
Uninstal=st6unst.exe
TmpDir=msftqws.pdw
Cabs=1

[Bootstrap Files]
File1=@VB6STKIT.DLL,$(WinSysPathSysFile),,,7/6/98 12:00:00 AM,102912,6.0.81.69
File2=@COMCAT.DLL,$(WinSysPathSysFile),$(DLLSelfRegister),,5/31/98 12:00:00 AM,22288,4.71.1460.1
File3=@VB6CHS.DLL,$(WinSysPath),,$(Shared),7/6/98 12:00:00 AM,102160,5.0.81.69
File4=@stdole2.tlb,$(WinSysPathSysFile),$(TLBRegister),,6/9/08 3:00:00 PM,16896,5.1.2600.5512
File5=@asycfilt.dll,$(WinSysPathSysFile),,,3/5/10 10:37:40 PM,65536,5.1.2600.5949
File6=@olepro32.dll,$(WinSysPathSysFile),$(DLLSelfRegister),,6/9/08 3:00:00 PM,84992,5.1.2600.5512
File7=@oleaut32.dll,$(WinSysPathSysFile),$(DLLSelfRegister),,12/21/10 1:32:05 AM,551936,5.1.2600.6058
File8=@msvbvm60.dll,$(WinSysPathSysFile),$(DLLSelfRegister),,6/9/08 3:00:00 PM,1384479,6.0.98.2

[IconGroups]
Group0=PacketFrontOffline
PrivateGroup0=True
Parent0=$(Programs)

[PacketFrontOffline]
Icon1="PacketFrontOffline130614.exe"
Title1=PacketFrontOffline
StartIn1=$(AppPath)

[Setup]
Title=PacketFrontOffline
DefaultDir=$(ProgramFiles)\PacketFrontOffline
AppExe=PacketFrontOffline130614.exe
AppToUninstall=PacketFrontOffline130614.exe

[Setup1 Files]
File1=@CMDLGCHS.DLL,$(WinSysPath),,$(Shared),7/7/98 12:00:00 AM,28160,6.0.81.63
File2=@comdlg32.ocx,$(WinSysPath),$(DLLSelfRegister),$(Shared),5/22/00 4:58:00 PM,140488,6.0.84.18
File3=@MSHFGCHS.DLL,$(WinSysPath),,$(Shared),6/9/98 12:00:00 AM,43520,6.0.30.5
File4=@MSSTDFMT.DLL,$(WinSysPath),$(DLLSelfRegister),$(Shared),7/24/06 10:50:38 AM,125744,6.0.84.50
File5=@mshflxgd.ocx,$(WinSysPath),$(DLLSelfRegister),$(Shared),5/22/00 4:58:12 PM,438976,6.0.88.4
File6=@FLXGDCHS.DLL,$(WinSysPath),,$(Shared),7/7/98 12:00:00 AM,35328,6.0.81.63
File7=@MSFLXGRD.OCX,$(WinSysPath),$(DLLSelfRegister),$(Shared),6/24/98 12:00:00 AM,247043,6.0.81.69
File8=@DATGDCHS.DLL,$(WinSysPath),,$(Shared),7/7/98 12:00:00 AM,25088,6.0.81.63
File9=@MSDATGRD.OCX,$(WinSysPath),$(DLLSelfRegister),$(Shared),6/24/98 12:00:00 AM,261891,6.0.81.69
File10=@MSBIND.DLL,$(WinSysPath),$(DLLSelfRegister),$(Shared),6/18/98 12:00:00 AM,77824,6.0.81.69
File11=@msado27.tlb,$(WinSysPath),,$(Shared),11/8/10 8:41:00 PM,81920,2.81.3012.0
File12=@PacketFrontOffline130614.exe,$(AppPath),,$(Shared),7/15/13 3:33:24 PM,729088,1.0.0.0

; 要在满的安装盘上定制该文件，需要额外的空间，下列行可能被删除。
; 
; XXXXXXXXXXXXXXXXXXXXXXXXXXXXXXXXXXXXXXXXXXXXXXXXXXXXXXXXXXXX
; XXXXXXXXXXXXXXXXXXXXXXXXXXXXXXXXXXXXXXXXXXXXXXXXXXXXXXXXXXXX
; XXXXXXXXXXXXXXXXXXXXXXXXXXXXXXXXXXXXXXXXXXXXXXXXXXXXXXXXXXXX
; XXXXXXXXXXXXXXXXXXXXXXXXXXXXXXXXXXXXXXXXXXXXXXXXXXXXXXXXXXXX
; XXXXXXXXXXXXXXXXXXXXXXXXXXXXXXXXXXXXXXXXXXXXXXXXXXXXXXXXXXXX
; XXXXXXXXXXXXXXXXXXXXXXXXXXXXXXXXXXXXXXXXXXXXXXXXXXXXXXXXXXXX
; XXXXXXXXXXXXXXXXXXXXXXXXXXXXXXXXXXXXXXXXXXXXXXXXXXXXXXXXXXXX
; XXXXXXXXXXXXXXXXXXXXXXXXXXXXXXXXXXXXXXXXXXXXXXXXXXXXXXXXXXXX
; XXXXXXXXXXXXXXXXXXXXXXXXXXXXXXXXXXXXXXXXXXXXXXXXXXXXXXXXXXXX
; XXXXXXXXXXXXXXXXXXXXXXXXXXXXXXXXXXXXXXXXXXXXXXXXXXXXXXXXXXXX
; XXXXXXXXXXXXXXXXXXXXXXXXXXXXXXXXXXXXXXXXXXXXXXXXXXXXXXXXXXXX
; XXXXXXXXXXXXXXXXXXXXXXXXXXXXXXXXXXXXXXXXXXXXXXXXXXXXXXXXXXXX
; XXXXXXXXXXXXXXXXXXXXXXXXXXXXXXXXXXXXXXXXXXXXXXXXXXXXXXXXXXXX
; XXXXXXXXXXXXXXXXXXXXXXXXXXXXXXXXXXXXXXXXXXXXXXXXXXXXXXXXXXXX
; XXXXXXXXXXXXXXXXXXXXXXXXXXXXXXXXXXXXXXXXXXXXXXXXXXXXXXXXXXXX
; XXXXXXXXXXXXXXXXXXXXXXXXXXXXXXXXXXXXXXXXXXXXXXXXXXXXXXXXXXXX
; XXXXXXXXXXXXXXXXXXXXXXXXXXXXXXXXXXXXXXXXXXXXXXXXXXXXXXXXXXXX
; XXXXXXXXXXXXXXXXXXXXXXXXXXXXXXXXXXXXXXXXXXXXXXXXXXXXXXXXXXXX
; XXXXXXXXXXXXXXXXXXXXXXXXXXXXXXXXXXXXXXXXXXXXXXXXXXXXXXXXXXXX
; XXXXXXXXXXXXXXXXXXXXXXXXXXXXXXXXXXXXXXXXXXXXXXXXXXXXXXXXXXXX
; XXXXXXXXXXXXXXXXXXXXXXXXXXXXXXXXXXXXXXXXXXXXXXXXXXXXXXXXXXXX
; XXXXXXXXXXXXXXXXXXXXXXXXXXXXXXXXXXXXXXXXXXXXXXXXXXXXXXXXXXXX
; XXXXXXXXXXXXXXXXXXXXXXXXXXXXXXXXXXXXXXXXXXXXXXXXXXXXXXXXXXXX
; XXXXXXXXXXXXXXXXXXXXXXXXXXXXXXXXXXXXXXXXXXXXXXXXXXXXXXXXXXXX
; XXXXXXXXXXXXXXXXXXXXXXXXXXXXXXXXXXXXXXXXXXXXXXXXXXXXXXXXXXXX
; XXXXXXXXXXXXXXXXXXXXXXXXXXXXXXXXXXXXXXXXXXXXXXXXXXXXXXXXXXXX
; XXXXXXXXXXXXXXXXXXXXXXXXXXXXXXXXXXXXXXXXXXXXXXXXXXXXXXXXXXXX
; XXXXXXXXXXXXXXXXXXXXXXXXXXXXXXXXXXXXXXXXXXXXXXXXXXXXXXXXXXXX
; XXXXXXXXXXXXXXXXXXXXXXXXXXXXXXXXXXXXXXXXXXXXXXXXXXXXXXXXXXXX
; XXXXXXXXXXXXXXXXXXXXXXXXXXXXXXXXXXXXXXXXXXXXXXXXXXXXXXXXXXXX
; XXXXXXXXXXXXXXXXXXXXXXXXXXXXXXXXXXXXXXXXXXXXXXXXXXXXXXXXXXXX
; XXXXXXXXXXXXXXXXXXXXXXXXXXXXXXXXXXXXXXXXXXXXXXXXXXXXXXXXXXXX
; XXXXXXXXXXXXXXXXXXXXXXXXXXXXXXXXXXXXXXXXXXXXXXXXXXXXXXXXXXXX
; XXXXXXXXXXXXXXXXXXXXXXXXXXXXXXXXXXXXXXXXXXXXXXXXXXXXXXXXXXXX
; XXXXXXXXXXXXXXXXXXXXXXXXXXXXXXXXXXXXXXXXXXXXXXXXXXXXXXXXXXXX
